<?xml version="1.0" encoding="UTF-8"?>
<!-- Generated by org.testng.reporters.JUnitXMLReporter -->
<testsuite ignored="0" hostname="DESKTOP-RCEDN8I" failures="0" tests="4" name="Default test" time="44.3" errors="0" timestamp="2023-04-09T21:44:32 EET">
  <testcase classname="TestScenario.Testmethod" name="accesslesson" time="0.044"/>
  <testcase classname="TestScenario.Testmethod" name="chooselanguage" time="4.093"/>
  <testcase classname="TestScenario.Testmethod" name="searchoperation" time="6.932"/>
  <testcase classname="TestScenario.Testmethod" name="worksheetSection" time="0.022"/>
</testsuite> <!-- Default test -->
