<?xml version="1.0" encoding="UTF-8"?>
<testng-results ignored="0" total="4" passed="4" failed="0" skipped="0">
  <reporter-output>
  </reporter-output>
  <suite started-at="2023-04-09T21:43:47 EET" name="Default suite" finished-at="2023-04-09T21:44:32 EET" duration-ms="44300">
    <groups>
    </groups>
    <test started-at="2023-04-09T21:43:47 EET" name="Default test" finished-at="2023-04-09T21:44:32 EET" duration-ms="44300">
      <class name="TestScenario.Testmethod">
        <test-method is-config="true" signature="beforetest()[pri:0, instance:TestScenario.Testmethod@54c5a2ff]" started-at="2023-04-09T21:43:47 EET" name="beforetest" finished-at="2023-04-09T21:44:20 EET" duration-ms="32805" status="PASS">
          <reporter-output>
          </reporter-output>
        </test-method> <!-- beforetest -->
        <test-method signature="accesslesson()[pri:0, instance:TestScenario.Testmethod@54c5a2ff]" started-at="2023-04-09T21:44:20 EET" name="accesslesson" finished-at="2023-04-09T21:44:20 EET" duration-ms="44" status="PASS">
          <reporter-output>
          </reporter-output>
        </test-method> <!-- accesslesson -->
        <test-method signature="chooselanguage()[pri:0, instance:TestScenario.Testmethod@54c5a2ff]" started-at="2023-04-09T21:44:20 EET" name="chooselanguage" finished-at="2023-04-09T21:44:24 EET" duration-ms="4093" status="PASS">
          <reporter-output>
          </reporter-output>
        </test-method> <!-- chooselanguage -->
        <test-method signature="searchoperation()[pri:0, instance:TestScenario.Testmethod@54c5a2ff]" started-at="2023-04-09T21:44:24 EET" name="searchoperation" finished-at="2023-04-09T21:44:31 EET" duration-ms="6932" status="PASS">
          <reporter-output>
          </reporter-output>
        </test-method> <!-- searchoperation -->
        <test-method signature="worksheetSection()[pri:0, instance:TestScenario.Testmethod@54c5a2ff]" started-at="2023-04-09T21:44:31 EET" name="worksheetSection" finished-at="2023-04-09T21:44:31 EET" duration-ms="22" status="PASS">
          <reporter-output>
          </reporter-output>
        </test-method> <!-- worksheetSection -->
        <test-method is-config="true" signature="aftertst()[pri:0, instance:TestScenario.Testmethod@54c5a2ff]" started-at="2023-04-09T21:44:31 EET" name="aftertst" finished-at="2023-04-09T21:44:32 EET" duration-ms="316" status="PASS">
          <reporter-output>
          </reporter-output>
        </test-method> <!-- aftertst -->
      </class> <!-- TestScenario.Testmethod -->
    </test> <!-- Default test -->
  </suite> <!-- Default suite -->
</testng-results>
